<?xml version="1.0" encoding="UTF-8"?>
<!-- Generated by org.testng.reporters.JUnitReportReporter -->
<testsuite hostname="DESKTOP-25A0HR5" failures="0" tests="1" name="appTestCases.TC_01_loginTest" time="48.234" errors="0" timestamp="2022-02-24T17:47:28 BDT" skipped="0">
  <testcase classname="appTestCases.TC_01_loginTest" name="logintest" time="48.234"/>
  <system-out/>
</testsuite> <!-- appTestCases.TC_01_loginTest -->
